<?xml version="1.0" encoding="UTF-8"?>
<testsuite xmlns:xsi="http://www.w3.org/2001/XMLSchema-instance" xsi:noNamespaceSchemaLocation="https://maven.apache.org/surefire/maven-surefire-plugin/xsd/surefire-test-report.xsd" version="3.0.2" name="com.pdau.ar.AuditReportApplicationTests" time="20.169" tests="1" errors="0" skipped="0" failures="0">
  <properties>
[...]
</properties>
  <testcase name="contextLoads" classname="com.pdau.ar.AuditReportApplicationTests" time="0.371">
    <system-out><![CDATA[17:09:44.356 [main] INFO org.springframework.test.context.support.AnnotationConfigContextLoaderUtils -- Could not detect default configuration classes for test class [com.pdau.ar.AuditReportApplicationTests]: AuditReportApplicationTests does not declare any static, non-private, non-final, nested classes annotated with @Configuration.
17:09:44.487 [main] INFO org.springframework.boot.test.context.SpringBootTestContextBootstrapper -- Found @SpringBootConfiguration com.pdau.ar.AuditReportApplication for test class com.pdau.ar.AuditReportApplicationTests
17:09:44.843 [main] INFO org.springframework.boot.devtools.restart.RestartApplicationListener -- Restart disabled due to context in which it is running

  .   ____          _            __ _ _
 /\\ / ___'_ __ _ _(_)_ __  __ _ \ \ \ \
( ( )\___ | '_ | '_| | '_ \/ _` | \ \ \ \
 \\/  ___)| |_)| | | | | || (_| |  ) ) ) )
  '  |____| .__|_| |_|_| |_\__, | / / / /
 =========|_|==============|___/=/_/_/_/

 :: Spring Boot ::                (v3.5.8)

2025-12-09T17:09:45.228-05:00  INFO 5988 --- [areport] [           main] c.pdau.ar.AuditReportApplicationTests    : Starting AuditReportApplicationTests using Java 21.0.6 with PID 5988 (started by SEBASTIAN in C:\Users\SEBASTIAN\OneDrive\Escritorio\Universidad\8. Octavo semestre\MIcroservicios\Proyecto\ar)
2025-12-09T17:09:45.228-05:00  INFO 5988 --- [areport] [           main] c.pdau.ar.AuditReportApplicationTests    : No active profile set, falling back to 1 default profile: "default"
2025-12-09T17:09:46.104-05:00  INFO 5988 --- [areport] [           main] .s.d.r.c.RepositoryConfigurationDelegate : Bootstrapping Spring Data JPA repositories in DEFAULT mode.
2025-12-09T17:09:46.281-05:00  INFO 5988 --- [areport] [           main] .s.d.r.c.RepositoryConfigurationDelegate : Finished Spring Data repository scanning in 161 ms. Found 3 JPA repository interfaces.
2025-12-09T17:09:46.562-05:00  INFO 5988 --- [areport] [           main] o.s.cloud.context.scope.GenericScope     : BeanFactory id=6d36f055-7c60-3faf-b538-2b3d7154eff4
2025-12-09T17:09:46.989-05:00  INFO 5988 --- [areport] [           main] o.hibernate.jpa.internal.util.LogHelper  : HHH000204: Processing PersistenceUnitInfo [name: default]
2025-12-09T17:09:47.081-05:00  INFO 5988 --- [areport] [           main] org.hibernate.Version                    : HHH000412: Hibernate ORM core version 6.6.36.Final
2025-12-09T17:09:47.126-05:00  INFO 5988 --- [areport] [           main] o.h.c.internal.RegionFactoryInitiator    : HHH000026: Second-level cache disabled
2025-12-09T17:09:47.530-05:00  INFO 5988 --- [areport] [           main] o.s.o.j.p.SpringPersistenceUnitInfo      : No LoadTimeWeaver setup: ignoring JPA class transformer
2025-12-09T17:09:47.575-05:00  INFO 5988 --- [areport] [           main] com.zaxxer.hikari.HikariDataSource       : HikariPool-1 - Starting...
2025-12-09T17:09:50.256-05:00  INFO 5988 --- [areport] [           main] com.zaxxer.hikari.pool.HikariPool        : HikariPool-1 - Added connection com.mysql.cj.jdbc.ConnectionImpl@72b1df49
2025-12-09T17:09:50.258-05:00  INFO 5988 --- [areport] [           main] com.zaxxer.hikari.HikariDataSource       : HikariPool-1 - Start completed.
2025-12-09T17:09:50.580-05:00  WARN 5988 --- [areport] [           main] org.hibernate.orm.deprecation            : HHH90000025: MySQLDialect does not need to be specified explicitly using 'hibernate.dialect' (remove the property setting and it will be selected by default)
2025-12-09T17:09:50.602-05:00  INFO 5988 --- [areport] [           main] org.hibernate.orm.connections.pooling    : HHH10001005: Database info:
	Database JDBC URL [Connecting through datasource 'HikariDataSource (HikariPool-1)']
	Database driver: undefined/unknown
	Database version: 9.4
	Autocommit mode: undefined/unknown
	Isolation level: undefined/unknown
	Minimum pool size: undefined/unknown
	Maximum pool size: undefined/unknown
2025-12-09T17:09:51.445-05:00  INFO 5988 --- [areport] [           main] o.h.e.t.j.p.i.JtaPlatformInitiator       : HHH000489: No JTA platform available (set 'hibernate.transaction.jta.platform' to enable JTA platform integration)
Hibernate: create table auditoria_apelacion (apelacion_id bigint not null, denuncia_id bigint, detalle TEXT, fecha_apelacion datetime(6), primary key (apelacion_id)) engine=InnoDB
Hibernate: create table auditoria_respuesta_apelacion (respuesta_apelacion_id bigint not null, admin_id bigint, apelacion_id bigint, detalle TEXT, fecha_respuesta datetime(6), resultado varchar(255), primary key (respuesta_apelacion_id)) engine=InnoDB
2025-12-09T17:09:55.055-05:00  INFO 5988 --- [areport] [           main] j.LocalContainerEntityManagerFactoryBean : Initialized JPA EntityManagerFactory for persistence unit 'default'
2025-12-09T17:09:55.692-05:00  WARN 5988 --- [areport] [           main] JpaBaseConfiguration$JpaWebConfiguration : spring.jpa.open-in-view is enabled by default. Therefore, database queries may be performed during view rendering. Explicitly configure spring.jpa.open-in-view to disable this warning
2025-12-09T17:09:56.480-05:00  INFO 5988 --- [areport] [           main] DiscoveryClientOptionalArgsConfiguration : Eureka HTTP Client uses RestTemplate.
2025-12-09T17:09:56.545-05:00  WARN 5988 --- [areport] [           main] iguration$LoadBalancerCaffeineWarnLogger : Spring Cloud LoadBalancer is currently working with the default cache. While this cache implementation is useful for development and tests, it's recommended to use Caffeine cache in production.You can switch to using Caffeine cache, by adding it and org.springframework.cache.caffeine.CaffeineCacheManager to the classpath.
2025-12-09T17:09:56.593-05:00  INFO 5988 --- [areport] [           main] o.s.c.n.eureka.InstanceInfoFactory       : Setting initial instance status as: STARTING
2025-12-09T17:09:56.619-05:00  INFO 5988 --- [areport] [           main] com.netflix.discovery.DiscoveryClient    : Initializing Eureka in region us-east-1
2025-12-09T17:09:56.623-05:00  INFO 5988 --- [areport] [           main] c.n.d.s.r.aws.ConfigClusterResolver      : Resolving eureka endpoints via configuration
2025-12-09T17:09:56.626-05:00  INFO 5988 --- [areport] [           main] com.netflix.discovery.DiscoveryClient    : Disable delta property : false
2025-12-09T17:09:56.626-05:00  INFO 5988 --- [areport] [           main] com.netflix.discovery.DiscoveryClient    : Single vip registry refresh property : null
2025-12-09T17:09:56.626-05:00  INFO 5988 --- [areport] [           main] com.netflix.discovery.DiscoveryClient    : Force full registry fetch : false
2025-12-09T17:09:56.626-05:00  INFO 5988 --- [areport] [           main] com.netflix.discovery.DiscoveryClient    : Application is null : false
2025-12-09T17:09:56.626-05:00  INFO 5988 --- [areport] [           main] com.netflix.discovery.DiscoveryClient    : Registered Applications size is zero : true
2025-12-09T17:09:56.626-05:00  INFO 5988 --- [areport] [           main] com.netflix.discovery.DiscoveryClient    : Application version is -1: true
2025-12-09T17:09:56.626-05:00  INFO 5988 --- [areport] [           main] com.netflix.discovery.DiscoveryClient    : Getting all instance registry info from the eureka server
2025-12-09T17:09:57.973-05:00  INFO 5988 --- [areport] [           main] com.netflix.discovery.DiscoveryClient    : The response status is 200
2025-12-09T17:09:57.978-05:00  INFO 5988 --- [areport] [           main] com.netflix.discovery.DiscoveryClient    : Starting heartbeat executor: renew interval is: 30
2025-12-09T17:09:57.979-05:00  INFO 5988 --- [areport] [           main] c.n.discovery.InstanceInfoReplicator     : InstanceInfoReplicator onDemand update allowed rate per min is 4
2025-12-09T17:09:57.981-05:00  INFO 5988 --- [areport] [           main] com.netflix.discovery.DiscoveryClient    : Discovery Client initialized at timestamp 1765318197979 with initial instances count: 6
2025-12-09T17:09:57.983-05:00  INFO 5988 --- [areport] [           main] o.s.c.n.e.s.EurekaServiceRegistry        : Registering application AREPORT with eureka with status UP
2025-12-09T17:09:57.983-05:00  INFO 5988 --- [areport] [           main] com.netflix.discovery.DiscoveryClient    : Saw local status change event StatusChangeEvent [timestamp=1765318197983, current=UP, previous=STARTING]
2025-12-09T17:09:57.987-05:00  INFO 5988 --- [areport] [foReplicator-%d] com.netflix.discovery.DiscoveryClient    : DiscoveryClient_AREPORT/areport:ba86ae51accd0590eb8926b8df7bc43f: registering service...
2025-12-09T17:09:57.988-05:00  INFO 5988 --- [areport] [           main] o.s.a.r.c.CachingConnectionFactory       : Attempting to connect to: [jackal.rmq.cloudamqp.com:5671]
2025-12-09T17:09:58.312-05:00  INFO 5988 --- [areport] [foReplicator-%d] com.netflix.discovery.DiscoveryClient    : DiscoveryClient_AREPORT/areport:ba86ae51accd0590eb8926b8df7bc43f - registration status: 204
2025-12-09T17:09:59.233-05:00  INFO 5988 --- [areport] [           main] o.s.a.r.c.CachingConnectionFactory       : Created new connection: rabbitConnectionFactory#62525579:0/SimpleConnection@71120f9a [delegate=amqp://pwphtwrk@54.207.4.157:5671/pwphtwrk, localPort=60684]
2025-12-09T17:10:03.937-05:00  INFO 5988 --- [areport] [           main] c.pdau.ar.AuditReportApplicationTests    : Started AuditReportApplicationTests in 19.11 seconds (process running for 20.432)
]]></system-out>
    <system-err><![CDATA[Mockito is currently self-attaching to enable the inline-mock-maker. This will no longer work in future releases of the JDK. Please add Mockito as an agent to your build as described in Mockito's documentation: https://javadoc.io/doc/org.mockito/mockito-core/latest/org.mockito/org/mockito/Mockito.html#0.3
WARNING: A Java agent has been loaded dynamically (C:\Users\SEBASTIAN\.m2\repository\net\bytebuddy\byte-buddy-agent\1.17.8\byte-buddy-agent-1.17.8.jar)
WARNING: If a serviceability tool is in use, please run with -XX:+EnableDynamicAgentLoading to hide this warning
WARNING: If a serviceability tool is not in use, please run with -Djdk.instrument.traceUsage for more information
WARNING: Dynamic loading of agents will be disallowed by default in a future release
]]></system-err>
  </testcase>
</testsuite>